build/outputs/logs/manifest-merger-debug-report.txt
-- Merging decision tree log ---
manifest
ADDED from AndroidStudioProjects/WalkingMan/AndroidManifest.xml:1:1-26:12
	package
		ADDED from AndroidStudioProjects/WalkingMan/AndroidManifest.xml:2:5-26
	android:versionName
		ADDED from AndroidStudioProjects/WalkingMan/AndroidManifest.xml:4:5-30
		INJECTED from AndroidStudioProjects/WalkingMan/AndroidManifest.xml
		INJECTED from AndroidStudioProjects/WalkingMan/AndroidManifest.xml
	android:versionCode
		ADDED from AndroidStudioProjects/WalkingMan/AndroidManifest.xml:3:5-28
		INJECTED from AndroidStudioProjects/WalkingMan/AndroidManifest.xml
		INJECTED from AndroidStudioProjects/WalkingMan/AndroidManifest.xml
	xmlns:android
		ADDED from AndroidStudioProjects/WalkingMan/AndroidManifest.xml:1:11-69
uses-sdk
ADDED from AndroidStudioProjects/WalkingMan/AndroidManifest.xml:6:5-8:41
	android:targetSdkVersion
		ADDED from AndroidStudioProjects/WalkingMan/AndroidManifest.xml:8:9-38
	android:minSdkVersion
		ADDED from AndroidStudioProjects/WalkingMan/AndroidManifest.xml:7:9-35
application
ADDED from AndroidStudioProjects/WalkingMan/AndroidManifest.xml:10:5-25:19
	android:label
		ADDED from AndroidStudioProjects/WalkingMan/AndroidManifest.xml:13:9-41
	android:allowBackup
		ADDED from AndroidStudioProjects/WalkingMan/AndroidManifest.xml:11:9-35
	android:icon
		ADDED from AndroidStudioProjects/WalkingMan/AndroidManifest.xml:12:9-45
	android:theme
		ADDED from AndroidStudioProjects/WalkingMan/AndroidManifest.xml:14:9-40
activity#com.abelsu7.WalkingActivity
ADDED from AndroidStudioProjects/WalkingMan/AndroidManifest.xml:15:9-23:20
	android:screenOrientation
		ADDED from AndroidStudioProjects/WalkingMan/AndroidManifest.xml:18:13-49
	android:label
		ADDED from AndroidStudioProjects/WalkingMan/AndroidManifest.xml:17:13-32
	android:name
		ADDED from AndroidStudioProjects/WalkingMan/AndroidManifest.xml:16:13-44
intent-filter#android.intent.action.MAIN+android.intent.category.LAUNCHER
ADDED from AndroidStudioProjects/WalkingMan/AndroidManifest.xml:19:13-22:29
action#android.intent.action.MAIN
ADDED from AndroidStudioProjects/WalkingMan/AndroidManifest.xml:20:17-68
	android:name
		ADDED from AndroidStudioProjects/WalkingMan/AndroidManifest.xml:20:25-66
category#android.intent.category.LAUNCHER
ADDED from AndroidStudioProjects/WalkingMan/AndroidManifest.xml:21:17-76
	android:name
		ADDED from AndroidStudioProjects/WalkingMan/AndroidManifest.xml:21:27-74
service#com.abelsu7.WalkingService
ADDED from AndroidStudioProjects/WalkingMan/AndroidManifest.xml:24:9-59
	android:name
		ADDED from AndroidStudioProjects/WalkingMan/AndroidManifest.xml:24:18-48